<?xml version="1.0" encoding="UTF-8"?>
<!-- Generated by org.testng.reporters.JUnitReportReporter -->
<testsuite hostname="DESKTOP-2R9SS5L" failures="0" tests="1" name="restassured.Test_GET" time="2.026" errors="0" timestamp="2023-01-11T17:20:42 IST" skipped="0">
  <testcase classname="restassured.Test_GET" name="test_01_Get" time="2.026"/>
  <system-out/>
</testsuite> <!-- restassured.Test_GET -->
