<?xml version="1.0" encoding="UTF-8"?>
<!-- Generated by org.testng.reporters.JUnitReportReporter -->
<testsuite hostname="DESKTOP-2R9SS5L" failures="0" tests="1" name="TestAPI" time="1.771" errors="0" timestamp="2023-01-12T10:25:43 IST" skipped="0">
  <testcase classname="TestAPI" name="test_api" time="1.771"/>
  <system-out/>
</testsuite> <!-- TestAPI -->
